<?xml version="1.0" encoding="UTF-8"?>
<!-- Generated by org.testng.reporters.JUnitReportReporter -->
<testsuite hostname="DESKTOP-KJEU6A0" failures="0" tests="1" name="Amazon.Addingamazongiftcardtocart" time="36.164" errors="0" timestamp="2021-09-05T11:02:09 GMT-04:00" skipped="0">
  <testcase classname="Amazon.Addingamazongiftcardtocart" name="giftcardtocart" time="36.164"/>
  <system-out/>
</testsuite> <!-- Amazon.Addingamazongiftcardtocart -->
