<?xml version="1.0" encoding="UTF-8"?>
<!-- Generated by org.testng.reporters.JUnitReportReporter -->
<testsuite hostname="DESKTOP-KJEU6A0" failures="0" tests="1" name="Amazon.HomePage" time="0.000" errors="0" timestamp="2021-09-01T13:15:15 GMT-04:00" skipped="1">
  <testcase classname="Amazon.HomePage" name="basePageNavigation" time="0.000">
    <skipped/>
  </testcase> <!-- basePageNavigation -->
  <system-out/>
</testsuite> <!-- Amazon.HomePage -->
