<?xml version="1.0" encoding="UTF-8"?>
<!-- Generated by org.testng.reporters.JUnitReportReporter -->
<testsuite hostname="DESKTOP-KJEU6A0" failures="0" tests="1" name="Amazon.Adding100dollargiftcardtocart2" time="36.666" errors="0" timestamp="2021-09-01T23:22:22 GMT-04:00" skipped="0">
  <testcase classname="Amazon.Adding100dollargiftcardtocart2" name="Adding100dollar" time="36.666"/>
  <system-out/>
</testsuite> <!-- Amazon.Adding100dollargiftcardtocart2 -->
