<?xml version="1.0" encoding="UTF-8"?>
<!-- Generated by org.testng.reporters.JUnitReportReporter -->
<testsuite hostname="DESKTOP-KJEU6A0" failures="0" tests="2" name="Academy.HomePage" time="53.962" errors="0" timestamp="2021-08-31T09:56:51 GMT-04:00" skipped="0">
  <testcase classname="Academy.HomePage" name="basePageNavigation" time="16.439"/>
  <system-out/>
  <testcase classname="Academy.HomePage" name="basePageNavigation" time="37.523"/>
  <system-out/>
</testsuite> <!-- Academy.HomePage -->
